[10:11:54] [main/WARN]: Ambiguity between arguments [teleport, destination] and [teleport, targets] with inputs: [Player, 0123, @e, dd12be42-52a9-4a91-a8a1-11c01849e498]
[10:11:54] [main/WARN]: Ambiguity between arguments [teleport, location] and [teleport, destination] with inputs: [0.1 -0.5 .9, 0 0 0]
[10:11:54] [main/WARN]: Ambiguity between arguments [teleport, location] and [teleport, targets] with inputs: [0.1 -0.5 .9, 0 0 0]
[10:11:54] [main/WARN]: Ambiguity between arguments [teleport, targets] and [teleport, destination] with inputs: [Player, 0123, dd12be42-52a9-4a91-a8a1-11c01849e498]
[10:11:54] [main/WARN]: Ambiguity between arguments [teleport, targets, location] and [teleport, targets, destination] with inputs: [0.1 -0.5 .9, 0 0 0]
[10:11:54] [Server thread/INFO]: Starting minecraft server version 1.15.2
[10:11:54] [Server thread/INFO]: Loading properties
[10:11:54] [Server thread/INFO]: Default game type: SURVIVAL
[10:11:54] [Server thread/INFO]: Generating keypair
[10:11:55] [Server thread/INFO]: Starting Minecraft server on *:25565
[10:11:55] [Server thread/INFO]: Using epoll channel type
[10:11:55] [Server thread/WARN]: **** SERVER IS RUNNING IN OFFLINE/INSECURE MODE!
[10:11:55] [Server thread/WARN]: The server will make no attempt to authenticate usernames. Beware.
[10:11:55] [Server thread/WARN]: While this makes the game possible to play without internet access, it also opens up the ability for hackers to connect with any username they choose.
[10:11:55] [Server thread/WARN]: To change this, set "online-mode" to "true" in the server.properties file.
[10:11:55] [Server thread/INFO]: Preparing level "world"
[10:11:55] [Server thread/INFO]: Found new data pack vanilla, loading it automatically
[10:11:55] [Server thread/INFO]: Reloading ResourceManager: Default
[10:11:56] [Server thread/INFO]: Loaded 6 recipes
[10:11:57] [Server thread/INFO]: Loaded 825 advancements
[10:12:13] [Server thread/INFO]: Preparing start region for dimension minecraft:overworld
[10:12:13] [Server-Worker-3/INFO]: Preparing spawn area: 0%
[10:12:13] [Server-Worker-3/INFO]: Preparing spawn area: 0%
[10:12:14] [Server-Worker-3/INFO]: Preparing spawn area: 0%
[10:12:14] [Server-Worker-1/INFO]: Preparing spawn area: 2%
[10:12:15] [Server-Worker-1/INFO]: Preparing spawn area: 4%
[10:12:15] [Server-Worker-3/INFO]: Preparing spawn area: 6%
[10:12:16] [Server-Worker-1/INFO]: Preparing spawn area: 7%
[10:12:16] [Server-Worker-1/INFO]: Preparing spawn area: 7%
[10:12:17] [Server-Worker-3/INFO]: Preparing spawn area: 10%
[10:12:17] [Server-Worker-1/INFO]: Preparing spawn area: 12%
[10:12:18] [Server-Worker-3/INFO]: Preparing spawn area: 15%
[10:12:18] [Server-Worker-3/INFO]: Preparing spawn area: 16%
[10:12:19] [Server-Worker-2/INFO]: Preparing spawn area: 20%
[10:12:19] [Server-Worker-2/INFO]: Preparing spawn area: 23%
[10:12:20] [Server-Worker-2/INFO]: Preparing spawn area: 26%
[10:12:20] [Server-Worker-2/INFO]: Preparing spawn area: 29%
[10:12:21] [Server-Worker-2/INFO]: Preparing spawn area: 31%
[10:12:21] [Server-Worker-3/INFO]: Preparing spawn area: 35%
[10:12:22] [Server-Worker-3/INFO]: Preparing spawn area: 35%
[10:12:22] [Server-Worker-2/INFO]: Preparing spawn area: 42%
[10:12:23] [Server-Worker-2/INFO]: Preparing spawn area: 45%
[10:12:23] [Server-Worker-2/INFO]: Preparing spawn area: 45%
[10:12:24] [Server-Worker-2/INFO]: Preparing spawn area: 52%
[10:12:24] [Server-Worker-2/INFO]: Preparing spawn area: 57%
[10:12:25] [Server-Worker-3/INFO]: Preparing spawn area: 61%
[10:12:25] [Server-Worker-3/INFO]: Preparing spawn area: 63%
[10:12:26] [Server-Worker-3/INFO]: Preparing spawn area: 69%
[10:12:26] [Server-Worker-2/INFO]: Preparing spawn area: 73%
[10:12:27] [Server-Worker-1/INFO]: Preparing spawn area: 77%
[10:12:27] [Server-Worker-1/INFO]: Preparing spawn area: 80%
[10:12:28] [Server-Worker-1/INFO]: Preparing spawn area: 83%
[10:12:28] [Server-Worker-2/INFO]: Preparing spawn area: 86%
[10:12:29] [Server-Worker-3/INFO]: Preparing spawn area: 90%
[10:12:29] [Server-Worker-1/INFO]: Preparing spawn area: 94%
[10:12:30] [Server-Worker-1/INFO]: Preparing spawn area: 99%
[10:12:30] [Server thread/INFO]: Time elapsed: 17069 ms
[10:12:30] [Server thread/INFO]: Done (34.436s)! For help, type "help"
[10:13:18] [Server thread/INFO]: zhog96[/185.117.29.192:65144] logged in with entity id 266 at (-223.5, 68.0, -5.5)
[10:13:18] [Server thread/INFO]: zhog96 joined the game
[10:14:52] [Server thread/INFO]: zhog96 lost connection: Disconnected
[10:14:52] [Server thread/INFO]: zhog96 left the game
[10:15:18] [Server thread/INFO]: /advancement (grant|revoke)
[10:15:18] [Server thread/INFO]: /ban <targets> [<reason>]
[10:15:18] [Server thread/INFO]: /ban-ip <target> [<reason>]
[10:15:18] [Server thread/INFO]: /banlist [ips|players]
[10:15:18] [Server thread/INFO]: /bossbar (add|get|list|remove|set)
[10:15:18] [Server thread/INFO]: /clear [<targets>]
[10:15:18] [Server thread/INFO]: /clone <begin> <end> <destination> [filtered|masked|replace]
[10:15:18] [Server thread/INFO]: /data (get|merge|modify|remove)
[10:15:18] [Server thread/INFO]: /datapack (disable|enable|list)
[10:15:18] [Server thread/INFO]: /debug (report|start|stop)
[10:15:18] [Server thread/INFO]: /defaultgamemode (adventure|creative|spectator|survival)
[10:15:18] [Server thread/INFO]: /deop <targets>
[10:15:18] [Server thread/INFO]: /difficulty [easy|hard|normal|peaceful]
[10:15:18] [Server thread/INFO]: /effect (clear|give)
[10:15:18] [Server thread/INFO]: /enchant <targets> <enchantment> [<level>]
[10:15:18] [Server thread/INFO]: /execute (align|anchored|as|at|facing|if|in|positioned|rotated|run|store|unless)
[10:15:18] [Server thread/INFO]: /experience (add|query|set)
[10:15:18] [Server thread/INFO]: /fill <from> <to> <block> [destroy|hollow|keep|outline|replace]
[10:15:18] [Server thread/INFO]: /forceload (add|query|remove)
[10:15:18] [Server thread/INFO]: /function <name>
[10:15:18] [Server thread/INFO]: /gamemode (adventure|creative|spectator|survival)
[10:15:18] [Server thread/INFO]: /gamerule (announceAdvancements|commandBlockOutput|disableElytraMovementCheck|disableRaids|doDaylightCycle|doEntityDrops|doFireTick|doImmediateRespawn|doInsomnia|doLimitedCrafting|doMobLoot|doMobSpawning|doPatrolSpawning|doTileDrops|doTraderSpawning|doWeatherCycle|drowningDamage|fallDamage|fireDamage|keepInventory|logAdminCommands|maxCommandChainLength|maxEntityCramming|mobGriefing|naturalRegeneration|randomTickSpeed|reducedDebugInfo|sendCommandFeedback|showDeathMessages|spawnRadius|spectatorsGenerateChunks)
[10:15:18] [Server thread/INFO]: /give <targets> <item> [<count>]
[10:15:18] [Server thread/INFO]: /help [<command>]
[10:15:18] [Server thread/INFO]: /kick <targets> [<reason>]
[10:15:18] [Server thread/INFO]: /kill [<targets>]
[10:15:18] [Server thread/INFO]: /list [uuids]
[10:15:18] [Server thread/INFO]: /locate (Buried_Treasure|Desert_Pyramid|EndCity|Fortress|Igloo|Jungle_Pyramid|Mansion|Mineshaft|Monument|Ocean_Ruin|Pillager_Outpost|Shipwreck|Stronghold|Swamp_Hut|Village)
[10:15:18] [Server thread/INFO]: /loot (give|insert|replace|spawn)
[10:15:18] [Server thread/INFO]: /me <action>
[10:15:18] [Server thread/INFO]: /msg <targets> <message>
[10:15:18] [Server thread/INFO]: /op <targets>
[10:15:18] [Server thread/INFO]: /pardon <targets>
[10:15:18] [Server thread/INFO]: /pardon-ip <target>
[10:15:18] [Server thread/INFO]: /particle <name> [<pos>]
[10:15:18] [Server thread/INFO]: /playsound <sound> (ambient|block|hostile|master|music|neutral|player|record|voice|weather)
[10:15:18] [Server thread/INFO]: /recipe (give|take)
[10:15:18] [Server thread/INFO]: /reload
[10:15:18] [Server thread/INFO]: /replaceitem (block|entity)
[10:15:18] [Server thread/INFO]: /save-all [flush]
[10:15:18] [Server thread/INFO]: /save-off
[10:15:18] [Server thread/INFO]: /save-on
[10:15:18] [Server thread/INFO]: /say <message>
[10:15:18] [Server thread/INFO]: /schedule (clear|function)
[10:15:18] [Server thread/INFO]: /scoreboard (objectives|players)
[10:15:18] [Server thread/INFO]: /seed
[10:15:18] [Server thread/INFO]: /setblock <pos> <block> [destroy|keep|replace]
[10:15:18] [Server thread/INFO]: /setidletimeout <minutes>
[10:15:18] [Server thread/INFO]: /setworldspawn [<pos>]
[10:15:18] [Server thread/INFO]: /spawnpoint [<targets>]
[10:15:18] [Server thread/INFO]: /spectate [<target>]
[10:15:18] [Server thread/INFO]: /spreadplayers <center> <spreadDistance> <maxRange> <respectTeams> <targets>
[10:15:18] [Server thread/INFO]: /stop
[10:15:18] [Server thread/INFO]: /stopsound <targets> [*|ambient|block|hostile|master|music|neutral|player|record|voice|weather]
[10:15:18] [Server thread/INFO]: /summon <entity> [<pos>]
[10:15:18] [Server thread/INFO]: /tag <targets> (add|list|remove)
[10:15:18] [Server thread/INFO]: /team (add|empty|join|leave|list|modify|remove)
[10:15:18] [Server thread/INFO]: /teammsg <message>
[10:15:18] [Server thread/INFO]: /teleport (<destination>|<location>|<targets>)
[10:15:18] [Server thread/INFO]: /tell -> msg
[10:15:18] [Server thread/INFO]: /tellraw <targets> <message>
[10:15:18] [Server thread/INFO]: /time (add|query|set)
[10:15:18] [Server thread/INFO]: /title <targets> (actionbar|clear|reset|subtitle|times|title)
[10:15:18] [Server thread/INFO]: /tm -> teammsg
[10:15:18] [Server thread/INFO]: /tp -> teleport
[10:15:18] [Server thread/INFO]: /trigger <objective> [add|set]
[10:15:18] [Server thread/INFO]: /w -> msg
[10:15:18] [Server thread/INFO]: /weather (clear|rain|thunder)
[10:15:18] [Server thread/INFO]: /whitelist (add|list|off|on|reload|remove)
[10:15:18] [Server thread/INFO]: /worldborder (add|center|damage|get|set|warning)
[10:15:18] [Server thread/INFO]: /xp -> experience
[10:15:43] [Server thread/INFO]: There are 0 of a max 20 players online: 
[10:16:00] [Server thread/INFO]: Unknown command
[10:16:00] [Server thread/INFO]: /whitelist<--[HERE]
[10:16:22] [Server thread/INFO]: Added zhog96 to the whitelist
[10:16:27] [Server thread/INFO]: Whitelist is now turned on
[10:16:55] [Server thread/INFO]: zhog96[/185.117.29.192:50029] logged in with entity id 564 at (-220.46929976233778, 64.0, 3.115994932777868)
[10:16:55] [Server thread/INFO]: zhog96 joined the game
[10:17:30] [Server thread/INFO]: zhog96 lost connection: Disconnected
[10:17:30] [Server thread/INFO]: zhog96 left the game
[10:18:00] [Server thread/INFO]: Stopping the server
[10:18:00] [Server thread/INFO]: Stopping server
[10:18:00] [Server thread/INFO]: Saving players
[10:18:00] [Server thread/INFO]: Saving worlds
[10:18:00] [Server thread/INFO]: Saving chunks for level 'world'/minecraft:the_nether
[10:18:00] [Server thread/INFO]: ThreadedAnvilChunkStorage (DIM-1): All chunks are saved
[10:18:00] [Server thread/INFO]: Saving chunks for level 'world'/minecraft:the_end
[10:18:00] [Server thread/INFO]: ThreadedAnvilChunkStorage (DIM1): All chunks are saved
[10:18:00] [Server thread/INFO]: Saving chunks for level 'world'/minecraft:overworld
[10:18:00] [Server thread/INFO]: ThreadedAnvilChunkStorage (world): All chunks are saved
[10:18:00] [Server thread/INFO]: ThreadedAnvilChunkStorage (DIM-1): All chunks are saved
[10:18:00] [Server thread/INFO]: ThreadedAnvilChunkStorage (DIM1): All chunks are saved
[10:18:00] [Server thread/INFO]: ThreadedAnvilChunkStorage (world): All chunks are saved
